<?xml version="1.0" encoding="UTF-8"?>
<!-- Generated by org.testng.reporters.JUnitXMLReporter -->
<testsuite ignored="0" hostname="DESKTOP-RG6HM4D" failures="0" tests="3" name="Surefire test" time="26.601" errors="0" timestamp="2023-05-03T21:55:36 IST">
  <testcase classname="org.example.Google_Price_Cal_Test" name="@BeforeClass openbrowser" time="-1.683131110254E9">
    <failure type="org.testng.TestNGException" message="
Parameter &amp;apos;browser&amp;apos; is required by BeforeClass on method openbrowser but has not been marked @Optional or defined
">
      <![CDATA[org.testng.TestNGException: 
Parameter 'browser' is required by BeforeClass on method openbrowser but has not been marked @Optional or defined

at java.base/java.util.ArrayList.forEach(ArrayList.java:1511)
... Removed 27 stack frames]]>
    </failure>
  </testcase> <!-- @BeforeClass openbrowser -->
  <testcase classname="org.example.Google_Price_Cal_Test" name="@AfterClass driverclose" time="0.0">
    <skipped/>
  </testcase> <!-- @AfterClass driverclose -->
  <testcase classname="org.example.Google_Price_Cal_Test" name="checkInformationInVmClassString" time="0.001">
    <skipped/>
  </testcase> <!-- checkInformationInVmClassString -->
  <testcase classname="org.example.Google_Price_Cal_Test" name="check_Data_is_correct" time="0.0">
    <skipped/>
  </testcase> <!-- check_Data_is_correct -->
  <testcase classname="org.example.Pagebin_Project_Test" name="loginverification" time="26.351"/>
</testsuite> <!-- Surefire test -->
